eeschema (2012-01-19 BZR 3256)-stable  >> Creation date: 17-4-2012 20:52:32

#Cmp ( volgorde = Referentie )
| C1         18pF        
| C2         18pF        
| C4         100nF       
| C5         10uF        
| C6         18pF        
| C7         18pF        
| C8         100nF       
| C9         100nF       
| C10        10uF        
| C11        10uF        
| D1         1N4004      
| D2         LED         
| IC1        ATMEGA168-P 
| J1         RJ45-MAG    
| L1         Ferrite Bead
| P1         CONN_8      
| P2         CONN_2      
| P3         CONN_2      
| P5         CONN_6      
| P6         CONN_4      
| P7         CONN_1      
| R1         10K         
| R2         10K         
| R3         10K         
| R4         270R        
| R5         50R         
| R6         50R         
| R7         50R         
| R8         50R         
| R9         270R        
| R10        270R        
| R11        2k7         
| SW1        Reset       
| U1         74LS08      
| U2         78L05       
| U3         ENC28J60-DIL
| U4         78L33       
| X1         16Mhz       
| X2         25Mhz       
#Einde Cmp

#Cmp ( volgorde = Waarde )
| 100nF        C4        
| 100nF        C8        
| 100nF        C9        
| 10K          R1        
| 10K          R2        
| 10K          R3        
| 10uF         C5        
| 10uF         C10       
| 10uF         C11       
| 16Mhz        X1        
| 18pF         C1        
| 18pF         C2        
| 18pF         C6        
| 18pF         C7        
| 1N4004       D1        
| 25Mhz        X2        
| 270R         R4        
| 270R         R9        
| 270R         R10       
| 2k7          R11       
| 50R          R5        
| 50R          R6        
| 50R          R7        
| 50R          R8        
| 74LS08       U1        
| 78L05        U2        
| 78L33        U4        
| ATMEGA168-P  IC1       
| CONN_1       P7        
| CONN_2       P2        
| CONN_2       P3        
| CONN_4       P6        
| CONN_6       P5        
| CONN_8       P1        
| ENC28J60-DIL U3        
| Ferrite Bead L1        
| LED          D2        
| Reset        SW1       
| RJ45-MAG     J1        
#Einde Cmp

#Einde Lijst
